<?xml version="1.0" encoding="UTF-8"?>
<robot generator="Robot 7.2.2 (Python 3.13.2 on win32)" generated="2025-02-26T15:24:32.767698" rpa="true" schemaversion="5">
<suite id="s1" name="Envia msg Slack" source="c:\Git\Cinemark\src\Helpers\Envia_msg_Slack.robot">
<test id="s1-t1" name="Report_Tests" line="11">
<kw name="Creat_Report_Body">
<kw name="Set Variable" owner="BuiltIn">
<msg time="2025-02-26T15:24:33.458883" level="INFO">${reportWebCinemark} = LogWebCinemark\output.xml</msg>
<var>${reportWebCinemark}</var>
<arg>LogWebCinemark\\output.xml</arg>
<doc>Returns the given values which can then be assigned to a variables.</doc>
<status status="PASS" start="2025-02-26T15:24:33.458651" elapsed="0.002097"/>
</kw>
<kw name="Get Absolute Path" owner="Absolute_path">
<msg time="2025-02-26T15:24:33.627699" level="INFO">${pathWebCinemark} = C:\Git\Cinemark\LogWebCinemark\output.xml</msg>
<var>${pathWebCinemark}</var>
<arg>${reportWebCinemark}</arg>
<status status="PASS" start="2025-02-26T15:24:33.461044" elapsed="0.166861"/>
</kw>
<kw name="Get Resultado Automacao" owner="Get_Resultado_Automacao">
<msg time="2025-02-26T15:24:33.699400" level="INFO">${msgWebCinemark} = *==============================================================*
🤖 Resultado dos Testes (26/02/2025 15:24)


*➔  WEBCINEMARK:*

✅ Total de casos executados com sucesso: *4*
❌ Total de casos executados...</msg>
<var>${msgWebCinemark}</var>
<arg>${pathWebCinemark}</arg>
<arg>WebCinemark</arg>
<status status="PASS" start="2025-02-26T15:24:33.628102" elapsed="0.071502"/>
</kw>
<kw name="Set Variable" owner="BuiltIn">
<msg time="2025-02-26T15:24:33.700235" level="INFO">${result} = *==============================================================*
🤖 Resultado dos Testes (26/02/2025 15:24)


*➔  WEBCINEMARK:*

✅ Total de casos executados com sucesso: *4*
❌ Total de casos executados...</msg>
<var>${result}</var>
<arg>${msgWebCinemark}</arg>
<doc>Returns the given values which can then be assigned to a variables.</doc>
<status status="PASS" start="2025-02-26T15:24:33.699789" elapsed="0.000584"/>
</kw>
<kw name="Create File" owner="OperatingSystem">
<msg time="2025-02-26T15:24:33.703396" level="INFO" html="true">Created file '&lt;a href="file://C:\Git\Cinemark\report\test_status.txt"&gt;C:\Git\Cinemark\report\test_status.txt&lt;/a&gt;'.</msg>
<arg>report/test_status.txt</arg>
<arg>${result}</arg>
<doc>Creates a file with the given content and encoding.</doc>
<status status="PASS" start="2025-02-26T15:24:33.700516" elapsed="0.003190"/>
</kw>
<kw name="Sleep" owner="BuiltIn">
<msg time="2025-02-26T15:24:38.705127" level="INFO">Slept 5 seconds.</msg>
<arg>5s</arg>
<doc>Pauses the test executed for the given time.</doc>
<status status="PASS" start="2025-02-26T15:24:33.703933" elapsed="5.001555"/>
</kw>
<return>
<value>${result}</value>
<status status="PASS" start="2025-02-26T15:24:38.705689" elapsed="0.000189"/>
</return>
<msg time="2025-02-26T15:24:38.706304" level="INFO">${result} = *==============================================================*
🤖 Resultado dos Testes (26/02/2025 15:24)


*➔  WEBCINEMARK:*

✅ Total de casos executados com sucesso: *4*
❌ Total de casos executados...</msg>
<var>${result}</var>
<status status="PASS" start="2025-02-26T15:24:33.457805" elapsed="5.248732"/>
</kw>
<kw name="Get Environment Variables" owner="Get_Envs">
<msg time="2025-02-26T15:24:38.709831" level="INFO">${ENVS} = {'SLACK_INCOMING_WEBHOOK_URL': 'https://hooks.slack.com/services/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', 'USER': 'mirian.inacio+3@mblabs.com.br', 'PASSWORD': 'Cinemark123456!', 'BASE_URL': 'h...</msg>
<var>${ENVS}</var>
<status status="PASS" start="2025-02-26T15:24:38.707431" elapsed="0.002572"/>
</kw>
<kw name="Curl_Request">
<kw name="Create Dictionary" owner="BuiltIn">
<msg time="2025-02-26T15:24:38.712209" level="INFO">${headers} = {'Content-type': 'application/json'}</msg>
<var>${headers}</var>
<arg>Content-type=application/json</arg>
<doc>Creates and returns a dictionary based on the given ``items``.</doc>
<status status="PASS" start="2025-02-26T15:24:38.711837" elapsed="0.000487"/>
</kw>
<kw name="Create Dictionary" owner="BuiltIn">
<msg time="2025-02-26T15:24:38.712724" level="INFO">${json_data} = {'text': '*==============================================================*\n🤖 Resultado dos Testes (26/02/2025 15:24)\n\n\n*➔  WEBCINEMARK:*\n\n✅ Total de casos executados com sucesso: *4*\n❌ Total de...</msg>
<var>${json_data}</var>
<arg>text=${msg}</arg>
<doc>Creates and returns a dictionary based on the given ``items``.</doc>
<status status="PASS" start="2025-02-26T15:24:38.712474" elapsed="0.000363"/>
</kw>
<kw name="POST" owner="RequestsLibrary">
<msg time="2025-02-26T15:24:39.365663" level="INFO">POST Request : url=https://hooks.slack.com/services/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 
 path_url=/services/T06JRN0TA/B07EW90BM3M/xsdphse6rrLkQ0FS5FwIQS0n 
 headers={'User-Agent': 'python-requests/2.32.3', 'Accept-Encoding': 'gzip, deflate', 'Accept': '*/*', 'Connection': 'keep-alive', 'Content-type': 'application/json', 'Content-Length': '1005'} 
 body=b'{"text": "*==============================================================*\\n\\ud83e\\udd16 Resultado dos Testes (26/02/2025 15:24)\\n\\n\\n*\\u2794  WEBCINEMARK:*\\n\\n\\u2705 Total de casos executados com sucesso: *4*\\n\\u274c Total de casos executados com falha: *1*\\n\\n\\n*Casos de teste com falhas:*\\n- Erro: Elemento xpath=/html/body/div[4]/div[3]/div[2]/div/div[5]/div/div[3]/button n\\u00e3o foi encontrado durante a execu\\u00e7\\u00e3o do caso de teste: CT01: Efetuar altera\\u00e7\\u00e3o no cadastro do usu\\u00e1rio\\n- Clicar no elemento\\n- Erro: Elemento xpath=/html/body/div[4]/div[3]/div[2]/div/div[5]/div/div[3]/button n\\u00e3o foi encontrado durante a execu\\u00e7\\u00e3o do caso de teste: CT01: Efetuar altera\\u00e7\\u00e3o no cadastro do usu\\u00e1rio\\n- Wait Until Element Is Visible\\n- Erro: Elemento xpath=/html/body/div[4]/div[3]/div[2]/div/div[5]/div/div[3]/button n\\u00e3o foi encontrado durante a execu\\u00e7\\u00e3o do caso de teste: CT01: Efetuar altera\\u00e7\\u00e3o no cadastro do usu\\u00e1rio\\n"}' 
 </msg>
<msg time="2025-02-26T15:24:39.365908" level="INFO">POST Response : url=https://hooks.slack.com/services/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 
 status=200, reason=OK 
 headers={'date': 'Wed, 26 Feb 2025 18:24:38 GMT', 'server': 'Apache', 'vary': 'Accept-Encoding', 'strict-transport-security': 'max-age=31536000; includeSubDomains; preload', 'referrer-policy': 'no-referrer', 'x-slack-unique-id': 'Z79cZtMx1er8ywP_w8_TKgAAEBk', 'x-slack-backend': 'r', 'access-control-allow-origin': '*', 'x-frame-options': 'SAMEORIGIN', 'content-type': 'text/html', 'content-length': '2', 'via': '1.1 slack-prod.tinyspeck.com, envoy-www-iad-jhrdzvwc,envoy-edge-gru-tgfbujjf', 'x-envoy-attempt-count': '1', 'x-envoy-upstream-service-time': '207', 'x-backend': 'main_normal main_canary_with_overflow main_control_with_overflow', 'x-server': 'slack-www-hhvm-main-iad-kgip', 'x-slack-shared-secret-outcome': 'no-match', 'x-edge-backend': 'envoy-www', 'x-slack-edge-shared-secret-outcome': 'no-match'} 
 body=ok 
 </msg>
<arg>url=${webhook}</arg>
<arg>headers=${headers}</arg>
<arg>json=${json_data}</arg>
<arg>expected_status=200</arg>
<doc>Sends a POST request.</doc>
<status status="PASS" start="2025-02-26T15:24:38.712987" elapsed="0.653062"/>
</kw>
<arg>${result}</arg>
<arg>${ENVS['SLACK_INCOMING_WEBHOOK_URL']}</arg>
<status status="PASS" start="2025-02-26T15:24:38.710782" elapsed="0.655410"/>
</kw>
<status status="PASS" start="2025-02-26T15:24:33.456803" elapsed="5.910335"/>
</test>
<status status="PASS" start="2025-02-26T15:24:32.771151" elapsed="6.597289"/>
</suite>
<statistics>
<total>
<stat pass="1" fail="0" skip="0">All Tasks</stat>
</total>
<tag>
</tag>
<suite>
<stat name="Envia msg Slack" id="s1" pass="1" fail="0" skip="0">Envia msg Slack</stat>
</suite>
</statistics>
<errors>
</errors>
</robot>
