<?xml version="1.0" encoding="UTF-8"?>
<robot generator="Robot 7.2.2 (Python 3.13.2 on win32)" generated="2025-02-26T14:53:33.256599" rpa="false" schemaversion="5">
<suite id="s1" name="TestCases" source="C:\Git\Cinemark\src\Selenium\TestCases">
<suite id="s1-s1" name="F01 LoginTest" source="C:\Git\Cinemark\src\Selenium\TestCases\F01_LoginTest.robot">
<test id="s1-s1-t1" name="CT01: Efetuar login na página com sucesso" line="9">
<kw name="Dado que esteja na página home" owner="F01_LoginResources">
<kw name="Abrir página home" owner="CommonsKeywords">
<kw name="Disable Request Warning" owner="Request_Warning">
<status status="PASS" start="2025-02-26T14:53:34.223130" elapsed="0.000088"/>
</kw>
<kw name="Get Environment Variables" owner="Get_Envs">
<msg time="2025-02-26T14:53:34.224261" level="INFO">${ENVS} = {'USER': 'mirian.inacio+3@mblabs.com.br', 'PASSWORD': 'Cinemark123456!', 'BASE_URL': 'https://ar-qa-www-ext.cinemark.com.ar/'}</msg>
<var>${ENVS}</var>
<status status="PASS" start="2025-02-26T14:53:34.223316" elapsed="0.000980"/>
</kw>
<kw name="Set Global Variable" owner="BuiltIn">
<msg time="2025-02-26T14:53:34.224570" level="INFO">${ENVS} = {'USER': 'mirian.inacio+3@mblabs.com.br', 'PASSWORD': 'Cinemark123456!', 'BASE_URL': 'https://ar-qa-www-ext.cinemark.com.ar/'}</msg>
<arg>${ENVS}</arg>
<arg>${ENVS}</arg>
<doc>Makes a variable available globally in all tests and suites.</doc>
<status status="PASS" start="2025-02-26T14:53:34.224407" elapsed="0.000195"/>
</kw>
<kw name="Evaluate" owner="BuiltIn">
<msg time="2025-02-26T14:53:34.224861" level="INFO">${options} = &lt;selenium.webdriver.chrome.options.Options object at 0x000001CFEB1A5BE0&gt;</msg>
<var>${options}</var>
<arg>selenium.webdriver.ChromeOptions()</arg>
<arg>selenium.webdriver</arg>
<doc>Evaluates the given expression in Python and returns the result.</doc>
<status status="PASS" start="2025-02-26T14:53:34.224682" elapsed="0.000199"/>
</kw>
<kw name="Evaluate" owner="BuiltIn">
<msg time="2025-02-26T14:53:34.225100" level="INFO">${prefs} = {'profile.default_content_setting_values.media_stream_mic': 1, 'profile.default_content_setting_values.media_stream_camera': 1, 'profile.default_content_setting_values.geolocation': 1, 'profile.defaul...</msg>
<var>${prefs}</var>
<arg>{'profile.default_content_setting_values.media_stream_mic': 1, 'profile.default_content_setting_values.media_stream_camera': 1, 'profile.default_content_setting_values.geolocation': 1, 'profile.default_content_setting_values.notifications': 1}</arg>
<doc>Evaluates the given expression in Python and returns the result.</doc>
<status status="PASS" start="2025-02-26T14:53:34.224965" elapsed="0.000156"/>
</kw>
<kw name="Call Method" owner="BuiltIn">
<arg>${options}</arg>
<arg>add_argument</arg>
<arg>--disable-infobars</arg>
<doc>Calls the named method of the given object with the provided arguments.</doc>
<status status="PASS" start="2025-02-26T14:53:34.225201" elapsed="0.000088"/>
</kw>
<kw name="Call Method" owner="BuiltIn">
<arg>${options}</arg>
<arg>add_experimental_option</arg>
<arg>prefs</arg>
<arg>${prefs}</arg>
<doc>Calls the named method of the given object with the provided arguments.</doc>
<status status="PASS" start="2025-02-26T14:53:34.225360" elapsed="0.000091"/>
</kw>
<kw name="Create Webdriver" owner="SeleniumLibrary">
<msg time="2025-02-26T14:53:34.225660" level="INFO">Creating an instance of the Chrome WebDriver.</msg>
<arg>Chrome</arg>
<arg>options=${options}</arg>
<doc>Creates an instance of Selenium WebDriver.</doc>
<status status="PASS" start="2025-02-26T14:53:34.225531" elapsed="2.255130"/>
</kw>
<kw name="Maximize Browser Window" owner="SeleniumLibrary">
<doc>Maximizes current browser window.</doc>
<status status="PASS" start="2025-02-26T14:53:36.480924" elapsed="0.036922"/>
</kw>
<kw name="Go To" owner="SeleniumLibrary">
<msg time="2025-02-26T14:53:36.519030" level="INFO">Opening url 'https://ar-qa-www-ext.cinemark.com.ar/'</msg>
<arg>${ENVS['BASE_URL']}</arg>
<doc>Navigates the current browser window to the provided ``url``.</doc>
<status status="PASS" start="2025-02-26T14:53:36.518141" elapsed="4.360085"/>
</kw>
<status status="PASS" start="2025-02-26T14:53:34.222625" elapsed="6.655724"/>
</kw>
<status status="PASS" start="2025-02-26T14:53:34.222350" elapsed="6.656051"/>
</kw>
<kw name="Quando clicar no perfil do usuário" owner="F01_LoginResources">
<kw name="Clicar no Perfil do Usuário" owner="CommonsKeywords">
<kw name="Sleep" owner="BuiltIn">
<msg time="2025-02-26T14:53:50.880146" level="INFO">Slept 10 seconds.</msg>
<arg>10</arg>
<doc>Pauses the test executed for the given time.</doc>
<status status="PASS" start="2025-02-26T14:53:40.879526" elapsed="10.000850"/>
</kw>
<kw name="Clicar no elemento" owner="CommonsKeywords">
<kw name="Wait Until Element Is Visible" owner="SeleniumLibrary">
<arg>${ELEMENT}</arg>
<arg>timeout=10</arg>
<arg>error=Elemento ${ELEMENT} não foi encontrado durante a execução do caso de teste: ${TEST_NAME}</arg>
<doc>Waits until the element ``locator`` is visible.</doc>
<status status="PASS" start="2025-02-26T14:53:50.886767" elapsed="0.056753"/>
</kw>
<kw name="Click Element" owner="SeleniumLibrary">
<msg time="2025-02-26T14:53:50.944060" level="INFO">Clicking element 'xpath=/html/body/div[4]/div[2]/div[2]/button'.</msg>
<arg>${ELEMENT}</arg>
<doc>Click the element identified by ``locator``.</doc>
<status status="PASS" start="2025-02-26T14:53:50.943773" elapsed="0.062833"/>
</kw>
<arg>xpath=/html/body/div[4]/div[2]/div[2]/button</arg>
<status status="PASS" start="2025-02-26T14:53:50.880797" elapsed="0.125918"/>
</kw>
<kw name="Clicar no elemento" owner="CommonsKeywords">
<kw name="Wait Until Element Is Visible" owner="SeleniumLibrary">
<arg>${ELEMENT}</arg>
<arg>timeout=10</arg>
<arg>error=Elemento ${ELEMENT} não foi encontrado durante a execução do caso de teste: ${TEST_NAME}</arg>
<doc>Waits until the element ``locator`` is visible.</doc>
<status status="PASS" start="2025-02-26T14:53:51.007288" elapsed="0.016838"/>
</kw>
<kw name="Click Element" owner="SeleniumLibrary">
<msg time="2025-02-26T14:53:51.024453" level="INFO">Clicking element 'xpath=//*[@id="cnk-header"]/div[1]/div[1]/div/div[2]/button[3]'.</msg>
<arg>${ELEMENT}</arg>
<doc>Click the element identified by ``locator``.</doc>
<status status="PASS" start="2025-02-26T14:53:51.024284" elapsed="0.139580"/>
</kw>
<arg>${Perfil}</arg>
<status status="PASS" start="2025-02-26T14:53:51.006889" elapsed="0.157090"/>
</kw>
<arg>${Perfil}</arg>
<status status="PASS" start="2025-02-26T14:53:40.879195" elapsed="10.284836"/>
</kw>
<status status="PASS" start="2025-02-26T14:53:40.878791" elapsed="10.285290"/>
</kw>
<kw name="E informar usuário e senha para efetuar o login" owner="F01_LoginResources">
<kw name="Iniciar login com usuário e senha válidos" owner="CommonsKeywords">
<kw name="Inserir texto" owner="CommonsKeywords">
<kw name="Wait Until Element Is Visible" owner="SeleniumLibrary">
<arg>${FIELD}</arg>
<arg>error=Elemento ${FIELD} não foi encontrado durante a execução do caso de teste: ${TEST_NAME}</arg>
<doc>Waits until the element ``locator`` is visible.</doc>
<status status="PASS" start="2025-02-26T14:53:51.165179" elapsed="0.020534"/>
</kw>
<kw name="Input Text" owner="SeleniumLibrary">
<msg time="2025-02-26T14:53:51.186686" level="INFO">Typing text 'mirian.inacio+3@mblabs.com.br' into text field 'xpath=//*[@id="email"]'.</msg>
<arg>${FIELD}</arg>
<arg>${Text}</arg>
<doc>Types the given ``text`` into the text field identified by ``locator``.</doc>
<status status="PASS" start="2025-02-26T14:53:51.186082" elapsed="0.163333"/>
</kw>
<arg>${Input_Usuario}</arg>
<arg>mirian.inacio+3@mblabs.com.br</arg>
<status status="PASS" start="2025-02-26T14:53:51.164966" elapsed="0.184585"/>
</kw>
<kw name="Inserir texto" owner="CommonsKeywords">
<kw name="Wait Until Element Is Visible" owner="SeleniumLibrary">
<arg>${FIELD}</arg>
<arg>error=Elemento ${FIELD} não foi encontrado durante a execução do caso de teste: ${TEST_NAME}</arg>
<doc>Waits until the element ``locator`` is visible.</doc>
<status status="PASS" start="2025-02-26T14:53:51.350058" elapsed="0.024605"/>
</kw>
<kw name="Input Text" owner="SeleniumLibrary">
<msg time="2025-02-26T14:53:51.375469" level="INFO">Typing text 'Cinemark123456!' into text field 'xpath=//*[@id="password"]'.</msg>
<arg>${FIELD}</arg>
<arg>${Text}</arg>
<doc>Types the given ``text`` into the text field identified by ``locator``.</doc>
<status status="PASS" start="2025-02-26T14:53:51.375105" elapsed="0.111510"/>
</kw>
<arg>${Input_Senha}</arg>
<arg>Cinemark123456!</arg>
<status status="PASS" start="2025-02-26T14:53:51.349730" elapsed="0.136995"/>
</kw>
<kw name="Clicar no elemento" owner="CommonsKeywords">
<kw name="Wait Until Element Is Visible" owner="SeleniumLibrary">
<arg>${ELEMENT}</arg>
<arg>timeout=10</arg>
<arg>error=Elemento ${ELEMENT} não foi encontrado durante a execução do caso de teste: ${TEST_NAME}</arg>
<doc>Waits until the element ``locator`` is visible.</doc>
<status status="PASS" start="2025-02-26T14:53:51.487249" elapsed="0.012608"/>
</kw>
<kw name="Click Element" owner="SeleniumLibrary">
<msg time="2025-02-26T14:53:51.500220" level="INFO">Clicking element 'xpath=/html/body/div[4]/div[3]/div[2]/form/div[2]/button[1]'.</msg>
<arg>${ELEMENT}</arg>
<doc>Click the element identified by ``locator``.</doc>
<status status="PASS" start="2025-02-26T14:53:51.500030" elapsed="0.086646"/>
</kw>
<arg>${Botao_Iniciar_Session}</arg>
<status status="PASS" start="2025-02-26T14:53:51.486906" elapsed="0.099883"/>
</kw>
<status status="PASS" start="2025-02-26T14:53:51.164802" elapsed="0.422055"/>
</kw>
<status status="PASS" start="2025-02-26T14:53:51.164527" elapsed="0.422385"/>
</kw>
<kw name="Então o login deverá ser executado com sucesso" owner="F01_LoginResources">
<kw name="Wait Until Element Is Visible" owner="SeleniumLibrary">
<arg>${Banner_Tela_Home_Olá}</arg>
<doc>Waits until the element ``locator`` is visible.</doc>
<status status="PASS" start="2025-02-26T14:53:51.587735" elapsed="0.018220"/>
</kw>
<status status="PASS" start="2025-02-26T14:53:51.587311" elapsed="0.018788"/>
</kw>
<doc>Card-XXX</doc>
<tag>F01CT01_Login</tag>
<status status="PASS" start="2025-02-26T14:53:34.221634" elapsed="17.384839"/>
</test>
<doc>Suíte de testes de Validação do login do Perfil do Usuário</doc>
<status status="PASS" start="2025-02-26T14:53:33.279694" elapsed="18.327440"/>
</suite>
<suite id="s1-s2" name="F02 CreateAccountTest" source="C:\Git\Cinemark\src\Selenium\TestCases\F02_CreateAccountTest.robot">
<test id="s1-s2-t1" name="CT01: Efetuar criação de conta com sucesso" line="9">
<kw name="Dado que esteja na página home" owner="F02_CreateAccountResources">
<kw name="Abrir página home" owner="CommonsKeywords">
<kw name="Disable Request Warning" owner="Request_Warning">
<status status="PASS" start="2025-02-26T14:53:51.617449" elapsed="0.000096"/>
</kw>
<kw name="Get Environment Variables" owner="Get_Envs">
<msg time="2025-02-26T14:53:51.618385" level="INFO">${ENVS} = {'USER': 'mirian.inacio+3@mblabs.com.br', 'PASSWORD': 'Cinemark123456!', 'BASE_URL': 'https://ar-qa-www-ext.cinemark.com.ar/'}</msg>
<var>${ENVS}</var>
<status status="PASS" start="2025-02-26T14:53:51.617632" elapsed="0.000781"/>
</kw>
<kw name="Set Global Variable" owner="BuiltIn">
<msg time="2025-02-26T14:53:51.618670" level="INFO">${ENVS} = {'USER': 'mirian.inacio+3@mblabs.com.br', 'PASSWORD': 'Cinemark123456!', 'BASE_URL': 'https://ar-qa-www-ext.cinemark.com.ar/'}</msg>
<arg>${ENVS}</arg>
<arg>${ENVS}</arg>
<doc>Makes a variable available globally in all tests and suites.</doc>
<status status="PASS" start="2025-02-26T14:53:51.618513" elapsed="0.000187"/>
</kw>
<kw name="Evaluate" owner="BuiltIn">
<msg time="2025-02-26T14:53:51.618976" level="INFO">${options} = &lt;selenium.webdriver.chrome.options.Options object at 0x000001CFEB1907D0&gt;</msg>
<var>${options}</var>
<arg>selenium.webdriver.ChromeOptions()</arg>
<arg>selenium.webdriver</arg>
<doc>Evaluates the given expression in Python and returns the result.</doc>
<status status="PASS" start="2025-02-26T14:53:51.618781" elapsed="0.000219"/>
</kw>
<kw name="Evaluate" owner="BuiltIn">
<msg time="2025-02-26T14:53:51.619222" level="INFO">${prefs} = {'profile.default_content_setting_values.media_stream_mic': 1, 'profile.default_content_setting_values.media_stream_camera': 1, 'profile.default_content_setting_values.geolocation': 1, 'profile.defaul...</msg>
<var>${prefs}</var>
<arg>{'profile.default_content_setting_values.media_stream_mic': 1, 'profile.default_content_setting_values.media_stream_camera': 1, 'profile.default_content_setting_values.geolocation': 1, 'profile.default_content_setting_values.notifications': 1}</arg>
<doc>Evaluates the given expression in Python and returns the result.</doc>
<status status="PASS" start="2025-02-26T14:53:51.619089" elapsed="0.000154"/>
</kw>
<kw name="Call Method" owner="BuiltIn">
<arg>${options}</arg>
<arg>add_argument</arg>
<arg>--disable-infobars</arg>
<doc>Calls the named method of the given object with the provided arguments.</doc>
<status status="PASS" start="2025-02-26T14:53:51.619318" elapsed="0.000087"/>
</kw>
<kw name="Call Method" owner="BuiltIn">
<arg>${options}</arg>
<arg>add_experimental_option</arg>
<arg>prefs</arg>
<arg>${prefs}</arg>
<doc>Calls the named method of the given object with the provided arguments.</doc>
<status status="PASS" start="2025-02-26T14:53:51.619474" elapsed="0.000090"/>
</kw>
<kw name="Create Webdriver" owner="SeleniumLibrary">
<msg time="2025-02-26T14:53:51.619755" level="INFO">Creating an instance of the Chrome WebDriver.</msg>
<arg>Chrome</arg>
<arg>options=${options}</arg>
<doc>Creates an instance of Selenium WebDriver.</doc>
<status status="PASS" start="2025-02-26T14:53:51.619645" elapsed="1.368157"/>
</kw>
<kw name="Maximize Browser Window" owner="SeleniumLibrary">
<doc>Maximizes current browser window.</doc>
<status status="PASS" start="2025-02-26T14:53:52.988086" elapsed="0.035300"/>
</kw>
<kw name="Go To" owner="SeleniumLibrary">
<msg time="2025-02-26T14:53:53.024259" level="INFO">Opening url 'https://ar-qa-www-ext.cinemark.com.ar/'</msg>
<arg>${ENVS['BASE_URL']}</arg>
<doc>Navigates the current browser window to the provided ``url``.</doc>
<status status="PASS" start="2025-02-26T14:53:53.023576" elapsed="3.942588"/>
</kw>
<status status="PASS" start="2025-02-26T14:53:51.617210" elapsed="5.349125"/>
</kw>
<status status="PASS" start="2025-02-26T14:53:51.616847" elapsed="5.349532"/>
</kw>
<kw name="Quando clicar no perfil do usuário" owner="F02_CreateAccountResources">
<kw name="Clicar no Perfil do Usuário" owner="CommonsKeywords">
<kw name="Sleep" owner="BuiltIn">
<msg time="2025-02-26T14:54:06.968669" level="INFO">Slept 10 seconds.</msg>
<arg>10</arg>
<doc>Pauses the test executed for the given time.</doc>
<status status="PASS" start="2025-02-26T14:53:56.967665" elapsed="10.001308"/>
</kw>
<kw name="Clicar no elemento" owner="CommonsKeywords">
<kw name="Wait Until Element Is Visible" owner="SeleniumLibrary">
<arg>${ELEMENT}</arg>
<arg>timeout=10</arg>
<arg>error=Elemento ${ELEMENT} não foi encontrado durante a execução do caso de teste: ${TEST_NAME}</arg>
<doc>Waits until the element ``locator`` is visible.</doc>
<status status="PASS" start="2025-02-26T14:54:06.969775" elapsed="0.023962"/>
</kw>
<kw name="Click Element" owner="SeleniumLibrary">
<msg time="2025-02-26T14:54:06.994288" level="INFO">Clicking element 'xpath=/html/body/div[4]/div[2]/div[2]/button'.</msg>
<arg>${ELEMENT}</arg>
<doc>Click the element identified by ``locator``.</doc>
<status status="PASS" start="2025-02-26T14:54:06.993981" elapsed="0.061927"/>
</kw>
<arg>xpath=/html/body/div[4]/div[2]/div[2]/button</arg>
<status status="PASS" start="2025-02-26T14:54:06.969331" elapsed="0.086675"/>
</kw>
<kw name="Clicar no elemento" owner="CommonsKeywords">
<kw name="Wait Until Element Is Visible" owner="SeleniumLibrary">
<arg>${ELEMENT}</arg>
<arg>timeout=10</arg>
<arg>error=Elemento ${ELEMENT} não foi encontrado durante a execução do caso de teste: ${TEST_NAME}</arg>
<doc>Waits until the element ``locator`` is visible.</doc>
<status status="PASS" start="2025-02-26T14:54:07.056559" elapsed="0.018674"/>
</kw>
<kw name="Click Element" owner="SeleniumLibrary">
<msg time="2025-02-26T14:54:07.075762" level="INFO">Clicking element 'xpath=//*[@id="cnk-header"]/div[1]/div[1]/div/div[2]/button[3]'.</msg>
<arg>${ELEMENT}</arg>
<doc>Click the element identified by ``locator``.</doc>
<status status="PASS" start="2025-02-26T14:54:07.075547" elapsed="0.138309"/>
</kw>
<arg>${Perfil}</arg>
<status status="PASS" start="2025-02-26T14:54:07.056202" elapsed="0.157765"/>
</kw>
<arg>${Perfil}</arg>
<status status="PASS" start="2025-02-26T14:53:56.967325" elapsed="10.246695"/>
</kw>
<status status="PASS" start="2025-02-26T14:53:56.966901" elapsed="10.247166"/>
</kw>
<kw name="E clicar em criar conta" owner="F02_CreateAccountResources">
<kw name="Clicar no elemento" owner="CommonsKeywords">
<kw name="Wait Until Element Is Visible" owner="SeleniumLibrary">
<arg>${ELEMENT}</arg>
<arg>timeout=10</arg>
<arg>error=Elemento ${ELEMENT} não foi encontrado durante a execução do caso de teste: ${TEST_NAME}</arg>
<doc>Waits until the element ``locator`` is visible.</doc>
<status status="PASS" start="2025-02-26T14:54:07.214959" elapsed="0.231269"/>
</kw>
<kw name="Click Element" owner="SeleniumLibrary">
<msg time="2025-02-26T14:54:07.446586" level="INFO">Clicking element 'xpath=/html/body/div[4]/div[3]/div[2]/form/div[2]/button[3]'.</msg>
<arg>${ELEMENT}</arg>
<doc>Click the element identified by ``locator``.</doc>
<status status="PASS" start="2025-02-26T14:54:07.446395" elapsed="0.173032"/>
</kw>
<arg>${Botao_Crear_Cuenta}</arg>
<status status="PASS" start="2025-02-26T14:54:07.214705" elapsed="0.404900"/>
</kw>
<kw name="Clicar no elemento" owner="CommonsKeywords">
<kw name="Wait Until Element Is Visible" owner="SeleniumLibrary">
<arg>${ELEMENT}</arg>
<arg>timeout=10</arg>
<arg>error=Elemento ${ELEMENT} não foi encontrado durante a execução do caso de teste: ${TEST_NAME}</arg>
<doc>Waits until the element ``locator`` is visible.</doc>
<status status="PASS" start="2025-02-26T14:54:07.620293" elapsed="0.693800"/>
</kw>
<kw name="Click Element" owner="SeleniumLibrary">
<msg time="2025-02-26T14:54:08.314520" level="INFO">Clicking element 'xpath=/html/body/div[4]/div[3]/div[2]/div/form/div[1]/div[1]/div/div/div[1]/div/img'.</msg>
<arg>${ELEMENT}</arg>
<doc>Click the element identified by ``locator``.</doc>
<status status="PASS" start="2025-02-26T14:54:08.314299" elapsed="0.043829"/>
</kw>
<arg>${Avatar}</arg>
<status status="PASS" start="2025-02-26T14:54:07.619855" elapsed="0.738375"/>
</kw>
<kw name="Inserir texto" owner="CommonsKeywords">
<kw name="Wait Until Element Is Visible" owner="SeleniumLibrary">
<arg>${FIELD}</arg>
<arg>error=Elemento ${FIELD} não foi encontrado durante a execução do caso de teste: ${TEST_NAME}</arg>
<doc>Waits until the element ``locator`` is visible.</doc>
<status status="PASS" start="2025-02-26T14:54:08.358677" elapsed="0.011005"/>
</kw>
<kw name="Input Text" owner="SeleniumLibrary">
<msg time="2025-02-26T14:54:08.370034" level="INFO">Typing text 'Mirian Alves' into text field 'xpath=//*[@id="firstName"]'.</msg>
<arg>${FIELD}</arg>
<arg>${Text}</arg>
<doc>Types the given ``text`` into the text field identified by ``locator``.</doc>
<status status="PASS" start="2025-02-26T14:54:08.369840" elapsed="0.085349"/>
</kw>
<arg>${Input_Nome}</arg>
<arg>Mirian Alves</arg>
<status status="PASS" start="2025-02-26T14:54:08.358375" elapsed="0.096925"/>
</kw>
<kw name="Inserir texto" owner="CommonsKeywords">
<kw name="Wait Until Element Is Visible" owner="SeleniumLibrary">
<arg>${FIELD}</arg>
<arg>error=Elemento ${FIELD} não foi encontrado durante a execução do caso de teste: ${TEST_NAME}</arg>
<doc>Waits until the element ``locator`` is visible.</doc>
<status status="PASS" start="2025-02-26T14:54:08.455767" elapsed="0.015697"/>
</kw>
<kw name="Input Text" owner="SeleniumLibrary">
<msg time="2025-02-26T14:54:08.471866" level="INFO">Typing text 'Mirian' into text field 'xpath=//*[@id="lastName"]'.</msg>
<arg>${FIELD}</arg>
<arg>${Text}</arg>
<doc>Types the given ``text`` into the text field identified by ``locator``.</doc>
<status status="PASS" start="2025-02-26T14:54:08.471649" elapsed="0.085777"/>
</kw>
<arg>${Input_Apelido}</arg>
<arg>Mirian</arg>
<status status="PASS" start="2025-02-26T14:54:08.455467" elapsed="0.102142"/>
</kw>
<kw name="Inserir texto" owner="CommonsKeywords">
<kw name="Wait Until Element Is Visible" owner="SeleniumLibrary">
<arg>${FIELD}</arg>
<arg>error=Elemento ${FIELD} não foi encontrado durante a execução do caso de teste: ${TEST_NAME}</arg>
<doc>Waits until the element ``locator`` is visible.</doc>
<status status="PASS" start="2025-02-26T14:54:08.558319" elapsed="0.013814"/>
</kw>
<kw name="Input Text" owner="SeleniumLibrary">
<msg time="2025-02-26T14:54:08.572509" level="INFO">Typing text 'mirian.inacio+37@mblabs.com.br' into text field 'xpath=//*[@id="email"]'.</msg>
<arg>${FIELD}</arg>
<arg>${Text}</arg>
<doc>Types the given ``text`` into the text field identified by ``locator``.</doc>
<status status="PASS" start="2025-02-26T14:54:08.572302" elapsed="0.117601"/>
</kw>
<arg>${Input_Email}</arg>
<arg>mirian.inacio+37@mblabs.com.br</arg>
<status status="PASS" start="2025-02-26T14:54:08.557849" elapsed="0.132225"/>
</kw>
<kw name="Inserir texto" owner="CommonsKeywords">
<kw name="Wait Until Element Is Visible" owner="SeleniumLibrary">
<arg>${FIELD}</arg>
<arg>error=Elemento ${FIELD} não foi encontrado durante a execução do caso de teste: ${TEST_NAME}</arg>
<doc>Waits until the element ``locator`` is visible.</doc>
<status status="PASS" start="2025-02-26T14:54:08.690553" elapsed="0.013232"/>
</kw>
<kw name="Input Text" owner="SeleniumLibrary">
<msg time="2025-02-26T14:54:08.704224" level="INFO">Typing text '10/05/2003' into text field 'xpath=/html/body/div[4]/div[3]/div[2]/div/form/div[2]/div/div[4]/div[1]/div/div/input'.</msg>
<arg>${FIELD}</arg>
<arg>${Text}</arg>
<doc>Types the given ``text`` into the text field identified by ``locator``.</doc>
<status status="PASS" start="2025-02-26T14:54:08.703950" elapsed="0.061600"/>
</kw>
<arg>${Input_DtNascto}</arg>
<arg>10/05/2003</arg>
<status status="PASS" start="2025-02-26T14:54:08.690272" elapsed="0.075457"/>
</kw>
<kw name="Inserir texto" owner="CommonsKeywords">
<kw name="Wait Until Element Is Visible" owner="SeleniumLibrary">
<arg>${FIELD}</arg>
<arg>error=Elemento ${FIELD} não foi encontrado durante a execução do caso de teste: ${TEST_NAME}</arg>
<doc>Waits until the element ``locator`` is visible.</doc>
<status status="PASS" start="2025-02-26T14:54:08.766484" elapsed="0.019213"/>
</kw>
<kw name="Input Text" owner="SeleniumLibrary">
<msg time="2025-02-26T14:54:08.786134" level="INFO">Typing text '41999532254' into text field 'xpath=//*[@id="phoneNumber"]'.</msg>
<arg>${FIELD}</arg>
<arg>${Text}</arg>
<doc>Types the given ``text`` into the text field identified by ``locator``.</doc>
<status status="PASS" start="2025-02-26T14:54:08.785890" elapsed="0.086844"/>
</kw>
<arg>${Input_Fone}</arg>
<arg>41999532254</arg>
<status status="PASS" start="2025-02-26T14:54:08.765986" elapsed="0.107056"/>
</kw>
<status status="PASS" start="2025-02-26T14:54:07.214448" elapsed="1.658723"/>
</kw>
<doc>Card-XXX</doc>
<tag>F02CT01_CreateAccount</tag>
<status status="PASS" start="2025-02-26T14:53:51.616414" elapsed="17.257098"/>
</test>
<doc>Suíte de testes de Validação do login do Perfil do Usuário</doc>
<status status="PASS" start="2025-02-26T14:53:51.608061" elapsed="17.266287"/>
</suite>
<suite id="s1-s3" name="F03 RecuperacaoSenha" source="C:\Git\Cinemark\src\Selenium\TestCases\F03_RecuperacaoSenha.robot">
<test id="s1-s3-t1" name="CT01: Efetuar cadastro de recuperação de senha com sucesso" line="9">
<kw name="Dado que esteja na página home" owner="F03_RecuperacaoSenhaResources">
<kw name="Abrir página home" owner="CommonsKeywords">
<kw name="Disable Request Warning" owner="Request_Warning">
<status status="PASS" start="2025-02-26T14:54:08.885802" elapsed="0.000192"/>
</kw>
<kw name="Get Environment Variables" owner="Get_Envs">
<msg time="2025-02-26T14:54:08.887268" level="INFO">${ENVS} = {'USER': 'mirian.inacio+3@mblabs.com.br', 'PASSWORD': 'Cinemark123456!', 'BASE_URL': 'https://ar-qa-www-ext.cinemark.com.ar/'}</msg>
<var>${ENVS}</var>
<status status="PASS" start="2025-02-26T14:54:08.886108" elapsed="0.001220"/>
</kw>
<kw name="Set Global Variable" owner="BuiltIn">
<msg time="2025-02-26T14:54:08.887746" level="INFO">${ENVS} = {'USER': 'mirian.inacio+3@mblabs.com.br', 'PASSWORD': 'Cinemark123456!', 'BASE_URL': 'https://ar-qa-www-ext.cinemark.com.ar/'}</msg>
<arg>${ENVS}</arg>
<arg>${ENVS}</arg>
<doc>Makes a variable available globally in all tests and suites.</doc>
<status status="PASS" start="2025-02-26T14:54:08.887476" elapsed="0.000337"/>
</kw>
<kw name="Evaluate" owner="BuiltIn">
<msg time="2025-02-26T14:54:08.888335" level="INFO">${options} = &lt;selenium.webdriver.chrome.options.Options object at 0x000001CFEA98A5D0&gt;</msg>
<var>${options}</var>
<arg>selenium.webdriver.ChromeOptions()</arg>
<arg>selenium.webdriver</arg>
<doc>Evaluates the given expression in Python and returns the result.</doc>
<status status="PASS" start="2025-02-26T14:54:08.887990" elapsed="0.000391"/>
</kw>
<kw name="Evaluate" owner="BuiltIn">
<msg time="2025-02-26T14:54:08.888721" level="INFO">${prefs} = {'profile.default_content_setting_values.media_stream_mic': 1, 'profile.default_content_setting_values.media_stream_camera': 1, 'profile.default_content_setting_values.geolocation': 1, 'profile.defaul...</msg>
<var>${prefs}</var>
<arg>{'profile.default_content_setting_values.media_stream_mic': 1, 'profile.default_content_setting_values.media_stream_camera': 1, 'profile.default_content_setting_values.geolocation': 1, 'profile.default_content_setting_values.notifications': 1}</arg>
<doc>Evaluates the given expression in Python and returns the result.</doc>
<status status="PASS" start="2025-02-26T14:54:08.888533" elapsed="0.000216"/>
</kw>
<kw name="Call Method" owner="BuiltIn">
<arg>${options}</arg>
<arg>add_argument</arg>
<arg>--disable-infobars</arg>
<doc>Calls the named method of the given object with the provided arguments.</doc>
<status status="PASS" start="2025-02-26T14:54:08.888848" elapsed="0.000114"/>
</kw>
<kw name="Call Method" owner="BuiltIn">
<arg>${options}</arg>
<arg>add_experimental_option</arg>
<arg>prefs</arg>
<arg>${prefs}</arg>
<doc>Calls the named method of the given object with the provided arguments.</doc>
<status status="PASS" start="2025-02-26T14:54:08.889058" elapsed="0.000122"/>
</kw>
<kw name="Create Webdriver" owner="SeleniumLibrary">
<msg time="2025-02-26T14:54:08.889588" level="INFO">Creating an instance of the Chrome WebDriver.</msg>
<arg>Chrome</arg>
<arg>options=${options}</arg>
<doc>Creates an instance of Selenium WebDriver.</doc>
<status status="PASS" start="2025-02-26T14:54:08.889291" elapsed="1.362610"/>
</kw>
<kw name="Maximize Browser Window" owner="SeleniumLibrary">
<doc>Maximizes current browser window.</doc>
<status status="PASS" start="2025-02-26T14:54:10.252142" elapsed="0.035148"/>
</kw>
<kw name="Go To" owner="SeleniumLibrary">
<msg time="2025-02-26T14:54:10.288493" level="INFO">Opening url 'https://ar-qa-www-ext.cinemark.com.ar/'</msg>
<arg>${ENVS['BASE_URL']}</arg>
<doc>Navigates the current browser window to the provided ``url``.</doc>
<status status="PASS" start="2025-02-26T14:54:10.287501" elapsed="3.374127"/>
</kw>
<status status="PASS" start="2025-02-26T14:54:08.885596" elapsed="4.776166"/>
</kw>
<status status="PASS" start="2025-02-26T14:54:08.885257" elapsed="4.776572"/>
</kw>
<kw name="Quando clicar no perfil do usuário" owner="F03_RecuperacaoSenhaResources">
<kw name="Clicar no Perfil do Usuário" owner="CommonsKeywords">
<kw name="Sleep" owner="BuiltIn">
<msg time="2025-02-26T14:54:23.663684" level="INFO">Slept 10 seconds.</msg>
<arg>10</arg>
<doc>Pauses the test executed for the given time.</doc>
<status status="PASS" start="2025-02-26T14:54:13.663146" elapsed="10.000846"/>
</kw>
<kw name="Clicar no elemento" owner="CommonsKeywords">
<kw name="Wait Until Element Is Visible" owner="SeleniumLibrary">
<arg>${ELEMENT}</arg>
<arg>timeout=10</arg>
<arg>error=Elemento ${ELEMENT} não foi encontrado durante a execução do caso de teste: ${TEST_NAME}</arg>
<doc>Waits until the element ``locator`` is visible.</doc>
<status status="PASS" start="2025-02-26T14:54:23.665544" elapsed="0.023104"/>
</kw>
<kw name="Click Element" owner="SeleniumLibrary">
<msg time="2025-02-26T14:54:23.689315" level="INFO">Clicking element 'xpath=/html/body/div[4]/div[2]/div[2]/button'.</msg>
<arg>${ELEMENT}</arg>
<doc>Click the element identified by ``locator``.</doc>
<status status="PASS" start="2025-02-26T14:54:23.688973" elapsed="0.057372"/>
</kw>
<arg>xpath=/html/body/div[4]/div[2]/div[2]/button</arg>
<status status="PASS" start="2025-02-26T14:54:23.664601" elapsed="0.081841"/>
</kw>
<kw name="Clicar no elemento" owner="CommonsKeywords">
<kw name="Wait Until Element Is Visible" owner="SeleniumLibrary">
<arg>${ELEMENT}</arg>
<arg>timeout=10</arg>
<arg>error=Elemento ${ELEMENT} não foi encontrado durante a execução do caso de teste: ${TEST_NAME}</arg>
<doc>Waits until the element ``locator`` is visible.</doc>
<status status="PASS" start="2025-02-26T14:54:23.746948" elapsed="0.016822"/>
</kw>
<kw name="Click Element" owner="SeleniumLibrary">
<msg time="2025-02-26T14:54:23.764318" level="INFO">Clicking element 'xpath=//*[@id="cnk-header"]/div[1]/div[1]/div/div[2]/button[3]'.</msg>
<arg>${ELEMENT}</arg>
<doc>Click the element identified by ``locator``.</doc>
<status status="PASS" start="2025-02-26T14:54:23.764101" elapsed="0.114779"/>
</kw>
<arg>${Perfil}</arg>
<status status="PASS" start="2025-02-26T14:54:23.746665" elapsed="0.132317"/>
</kw>
<arg>${Perfil}</arg>
<status status="PASS" start="2025-02-26T14:54:13.662809" elapsed="10.216222"/>
</kw>
<status status="PASS" start="2025-02-26T14:54:13.662375" elapsed="10.216698"/>
</kw>
<kw name="E clicar em Olvidé mi contraseña" owner="F03_RecuperacaoSenhaResources">
<kw name="Clicar no elemento" owner="CommonsKeywords">
<kw name="Wait Until Element Is Visible" owner="SeleniumLibrary">
<arg>${ELEMENT}</arg>
<arg>timeout=10</arg>
<arg>error=Elemento ${ELEMENT} não foi encontrado durante a execução do caso de teste: ${TEST_NAME}</arg>
<doc>Waits until the element ``locator`` is visible.</doc>
<status status="PASS" start="2025-02-26T14:54:23.879887" elapsed="0.228884"/>
</kw>
<kw name="Click Element" owner="SeleniumLibrary">
<msg time="2025-02-26T14:54:24.109123" level="INFO">Clicking element 'xpath=/html/body/div[4]/div[3]/div[2]/form/div[2]/button[2]'.</msg>
<arg>${ELEMENT}</arg>
<doc>Click the element identified by ``locator``.</doc>
<status status="PASS" start="2025-02-26T14:54:24.108936" elapsed="0.107421"/>
</kw>
<arg>${Botao_Recupera_Senha}</arg>
<status status="PASS" start="2025-02-26T14:54:23.879659" elapsed="0.336803"/>
</kw>
<status status="PASS" start="2025-02-26T14:54:23.879361" elapsed="0.337151"/>
</kw>
<kw name="E informar email para recuperar a senha" owner="F03_RecuperacaoSenhaResources">
<kw name="Inserir texto" owner="CommonsKeywords">
<kw name="Wait Until Element Is Visible" owner="SeleniumLibrary">
<arg>${FIELD}</arg>
<arg>error=Elemento ${FIELD} não foi encontrado durante a execução do caso de teste: ${TEST_NAME}</arg>
<doc>Waits until the element ``locator`` is visible.</doc>
<status status="PASS" start="2025-02-26T14:54:24.217415" elapsed="0.024650"/>
</kw>
<kw name="Input Text" owner="SeleniumLibrary">
<msg time="2025-02-26T14:54:24.242459" level="INFO">Typing text 'mirian.inacio+3@mblabs.com.br' into text field 'xpath=//*[@id="email"]'.</msg>
<arg>${FIELD}</arg>
<arg>${Text}</arg>
<doc>Types the given ``text`` into the text field identified by ``locator``.</doc>
<status status="PASS" start="2025-02-26T14:54:24.242248" elapsed="0.144852"/>
</kw>
<arg>${Input_Email_Recuperacao}</arg>
<arg>mirian.inacio+3@mblabs.com.br</arg>
<status status="PASS" start="2025-02-26T14:54:24.217137" elapsed="0.170077"/>
</kw>
<kw name="Clicar no elemento" owner="CommonsKeywords">
<kw name="Wait Until Element Is Visible" owner="SeleniumLibrary">
<arg>${ELEMENT}</arg>
<arg>timeout=10</arg>
<arg>error=Elemento ${ELEMENT} não foi encontrado durante a execução do caso de teste: ${TEST_NAME}</arg>
<doc>Waits until the element ``locator`` is visible.</doc>
<status status="PASS" start="2025-02-26T14:54:24.388314" elapsed="0.013393"/>
</kw>
<kw name="Click Element" owner="SeleniumLibrary">
<msg time="2025-02-26T14:54:24.402078" level="INFO">Clicking element 'xpath=/html/body/div[4]/div[3]/div[2]/div/form/div[2]/button'.</msg>
<arg>${ELEMENT}</arg>
<doc>Click the element identified by ``locator``.</doc>
<status status="PASS" start="2025-02-26T14:54:24.401884" elapsed="0.072820"/>
</kw>
<arg>${Botao_Validar_Recupera_Senha}</arg>
<status status="PASS" start="2025-02-26T14:54:24.387779" elapsed="0.087039"/>
</kw>
<status status="PASS" start="2025-02-26T14:54:24.216877" elapsed="0.258005"/>
</kw>
<kw name="Então deverá exibir mensagem para verificar correio eletrônico" owner="F03_RecuperacaoSenhaResources">
<kw name="Wait Until Element Is Visible" owner="SeleniumLibrary">
<arg>${Banner_Revisa_Email}</arg>
<doc>Waits until the element ``locator`` is visible.</doc>
<status status="PASS" start="2025-02-26T14:54:24.475621" elapsed="0.018304"/>
</kw>
<status status="PASS" start="2025-02-26T14:54:24.475286" elapsed="0.018750"/>
</kw>
<doc>Card-XXX</doc>
<tag>F03CT01_RecuperaSenha</tag>
<status status="PASS" start="2025-02-26T14:54:08.884632" elapsed="15.609745"/>
</test>
<test id="s1-s3-t2" name="CT02: Efetuar cadastro de nova senha com sucesso" line="18">
<kw name="Dado que esteja na página de alteração de senha" owner="F03_RecuperacaoSenhaResources">
<kw name="Abrir página de alteracao de senha" owner="CommonsKeywords">
<kw name="Disable Request Warning" owner="Request_Warning">
<status status="PASS" start="2025-02-26T14:54:24.495576" elapsed="0.000080"/>
</kw>
<kw name="Get Environment Variables" owner="Get_Envs">
<msg time="2025-02-26T14:54:24.496568" level="INFO">${ENVS} = {'USER': 'mirian.inacio+3@mblabs.com.br', 'PASSWORD': 'Cinemark123456!', 'BASE_URL': 'https://ar-qa-www-ext.cinemark.com.ar/'}</msg>
<var>${ENVS}</var>
<status status="PASS" start="2025-02-26T14:54:24.495744" elapsed="0.000856"/>
</kw>
<kw name="Set Global Variable" owner="BuiltIn">
<msg time="2025-02-26T14:54:24.496924" level="INFO">${ENVS} = {'USER': 'mirian.inacio+3@mblabs.com.br', 'PASSWORD': 'Cinemark123456!', 'BASE_URL': 'https://ar-qa-www-ext.cinemark.com.ar/'}</msg>
<arg>${ENVS}</arg>
<arg>${ENVS}</arg>
<doc>Makes a variable available globally in all tests and suites.</doc>
<status status="PASS" start="2025-02-26T14:54:24.496724" elapsed="0.000239"/>
</kw>
<kw name="Evaluate" owner="BuiltIn">
<msg time="2025-02-26T14:54:24.497288" level="INFO">${options} = &lt;selenium.webdriver.chrome.options.Options object at 0x000001CFEB199E00&gt;</msg>
<var>${options}</var>
<arg>selenium.webdriver.ChromeOptions()</arg>
<arg>selenium.webdriver</arg>
<doc>Evaluates the given expression in Python and returns the result.</doc>
<status status="PASS" start="2025-02-26T14:54:24.497070" elapsed="0.000247"/>
</kw>
<kw name="Create Webdriver" owner="SeleniumLibrary">
<msg time="2025-02-26T14:54:24.497583" level="INFO">Creating an instance of the Chrome WebDriver.</msg>
<arg>Chrome</arg>
<arg>options=${options}</arg>
<doc>Creates an instance of Selenium WebDriver.</doc>
<status status="PASS" start="2025-02-26T14:54:24.497446" elapsed="1.355387"/>
</kw>
<kw name="Maximize Browser Window" owner="SeleniumLibrary">
<doc>Maximizes current browser window.</doc>
<status status="PASS" start="2025-02-26T14:54:25.853104" elapsed="0.037203"/>
</kw>
<kw name="Go To" owner="SeleniumLibrary">
<msg time="2025-02-26T14:54:25.891207" level="INFO">Opening url 'https://ar-qa-www-ext.cinemark.com.ar/'</msg>
<arg>${ENVS['BASE_URL']}</arg>
<doc>Navigates the current browser window to the provided ``url``.</doc>
<status status="PASS" start="2025-02-26T14:54:25.890504" elapsed="3.623122"/>
</kw>
<status status="PASS" start="2025-02-26T14:54:24.495417" elapsed="5.018305"/>
</kw>
<status status="PASS" start="2025-02-26T14:54:24.495186" elapsed="5.018590"/>
</kw>
<doc>Card-XXX</doc>
<tag>F03CT02_CadastraSenha</tag>
<status status="PASS" start="2025-02-26T14:54:24.494805" elapsed="5.019326"/>
</test>
<doc>Suíte de testes de Validação do login do Perfil do Usuário</doc>
<status status="PASS" start="2025-02-26T14:54:08.875628" elapsed="20.639230"/>
</suite>
<suite id="s1-s4" name="F04 AlteraCadUsuario" source="C:\Git\Cinemark\src\Selenium\TestCases\F04_AlteraCadUsuario.robot">
<test id="s1-s4-t1" name="CT01: Efetuar alteração no cadastro do usuário" line="9">
<kw name="Dado que esteja na página home" owner="F04_AlteraCadUsuarioResources">
<kw name="Abrir página home" owner="CommonsKeywords">
<kw name="Disable Request Warning" owner="Request_Warning">
<status status="PASS" start="2025-02-26T14:54:29.527471" elapsed="0.000096"/>
</kw>
<kw name="Get Environment Variables" owner="Get_Envs">
<msg time="2025-02-26T14:54:29.528434" level="INFO">${ENVS} = {'USER': 'mirian.inacio+3@mblabs.com.br', 'PASSWORD': 'Cinemark123456!', 'BASE_URL': 'https://ar-qa-www-ext.cinemark.com.ar/'}</msg>
<var>${ENVS}</var>
<status status="PASS" start="2025-02-26T14:54:29.527658" elapsed="0.000808"/>
</kw>
<kw name="Set Global Variable" owner="BuiltIn">
<msg time="2025-02-26T14:54:29.528751" level="INFO">${ENVS} = {'USER': 'mirian.inacio+3@mblabs.com.br', 'PASSWORD': 'Cinemark123456!', 'BASE_URL': 'https://ar-qa-www-ext.cinemark.com.ar/'}</msg>
<arg>${ENVS}</arg>
<arg>${ENVS}</arg>
<doc>Makes a variable available globally in all tests and suites.</doc>
<status status="PASS" start="2025-02-26T14:54:29.528584" elapsed="0.000202"/>
</kw>
<kw name="Evaluate" owner="BuiltIn">
<msg time="2025-02-26T14:54:29.529086" level="INFO">${options} = &lt;selenium.webdriver.chrome.options.Options object at 0x000001CFEB199810&gt;</msg>
<var>${options}</var>
<arg>selenium.webdriver.ChromeOptions()</arg>
<arg>selenium.webdriver</arg>
<doc>Evaluates the given expression in Python and returns the result.</doc>
<status status="PASS" start="2025-02-26T14:54:29.528880" elapsed="0.000231"/>
</kw>
<kw name="Evaluate" owner="BuiltIn">
<msg time="2025-02-26T14:54:29.529350" level="INFO">${prefs} = {'profile.default_content_setting_values.media_stream_mic': 1, 'profile.default_content_setting_values.media_stream_camera': 1, 'profile.default_content_setting_values.geolocation': 1, 'profile.defaul...</msg>
<var>${prefs}</var>
<arg>{'profile.default_content_setting_values.media_stream_mic': 1, 'profile.default_content_setting_values.media_stream_camera': 1, 'profile.default_content_setting_values.geolocation': 1, 'profile.default_content_setting_values.notifications': 1}</arg>
<doc>Evaluates the given expression in Python and returns the result.</doc>
<status status="PASS" start="2025-02-26T14:54:29.529206" elapsed="0.000167"/>
</kw>
<kw name="Call Method" owner="BuiltIn">
<arg>${options}</arg>
<arg>add_argument</arg>
<arg>--disable-infobars</arg>
<doc>Calls the named method of the given object with the provided arguments.</doc>
<status status="PASS" start="2025-02-26T14:54:29.529470" elapsed="0.000115"/>
</kw>
<kw name="Call Method" owner="BuiltIn">
<arg>${options}</arg>
<arg>add_experimental_option</arg>
<arg>prefs</arg>
<arg>${prefs}</arg>
<doc>Calls the named method of the given object with the provided arguments.</doc>
<status status="PASS" start="2025-02-26T14:54:29.529682" elapsed="0.000114"/>
</kw>
<kw name="Create Webdriver" owner="SeleniumLibrary">
<msg time="2025-02-26T14:54:29.530014" level="INFO">Creating an instance of the Chrome WebDriver.</msg>
<arg>Chrome</arg>
<arg>options=${options}</arg>
<doc>Creates an instance of Selenium WebDriver.</doc>
<status status="PASS" start="2025-02-26T14:54:29.529892" elapsed="1.362646"/>
</kw>
<kw name="Maximize Browser Window" owner="SeleniumLibrary">
<doc>Maximizes current browser window.</doc>
<status status="PASS" start="2025-02-26T14:54:30.892848" elapsed="0.037529"/>
</kw>
<kw name="Go To" owner="SeleniumLibrary">
<msg time="2025-02-26T14:54:30.931210" level="INFO">Opening url 'https://ar-qa-www-ext.cinemark.com.ar/'</msg>
<arg>${ENVS['BASE_URL']}</arg>
<doc>Navigates the current browser window to the provided ``url``.</doc>
<status status="PASS" start="2025-02-26T14:54:30.930576" elapsed="3.750053"/>
</kw>
<status status="PASS" start="2025-02-26T14:54:29.527254" elapsed="5.153507"/>
</kw>
<status status="PASS" start="2025-02-26T14:54:29.526803" elapsed="5.154006"/>
</kw>
<kw name="Quando efetuar o login com usuário e senha válidos" owner="F04_AlteraCadUsuarioResources">
<kw name="Clicar no Perfil do Usuário" owner="CommonsKeywords">
<kw name="Sleep" owner="BuiltIn">
<msg time="2025-02-26T14:54:44.682293" level="INFO">Slept 10 seconds.</msg>
<arg>10</arg>
<doc>Pauses the test executed for the given time.</doc>
<status status="PASS" start="2025-02-26T14:54:34.681586" elapsed="10.000944"/>
</kw>
<kw name="Clicar no elemento" owner="CommonsKeywords">
<kw name="Wait Until Element Is Visible" owner="SeleniumLibrary">
<arg>${ELEMENT}</arg>
<arg>timeout=10</arg>
<arg>error=Elemento ${ELEMENT} não foi encontrado durante a execução do caso de teste: ${TEST_NAME}</arg>
<doc>Waits until the element ``locator`` is visible.</doc>
<status status="PASS" start="2025-02-26T14:54:44.683435" elapsed="0.030370"/>
</kw>
<kw name="Click Element" owner="SeleniumLibrary">
<msg time="2025-02-26T14:54:44.714588" level="INFO">Clicking element 'xpath=/html/body/div[4]/div[2]/div[2]/button'.</msg>
<arg>${ELEMENT}</arg>
<doc>Click the element identified by ``locator``.</doc>
<status status="PASS" start="2025-02-26T14:54:44.714200" elapsed="0.065424"/>
</kw>
<arg>xpath=/html/body/div[4]/div[2]/div[2]/button</arg>
<status status="PASS" start="2025-02-26T14:54:44.682971" elapsed="0.096774"/>
</kw>
<kw name="Clicar no elemento" owner="CommonsKeywords">
<kw name="Wait Until Element Is Visible" owner="SeleniumLibrary">
<arg>${ELEMENT}</arg>
<arg>timeout=10</arg>
<arg>error=Elemento ${ELEMENT} não foi encontrado durante a execução do caso de teste: ${TEST_NAME}</arg>
<doc>Waits until the element ``locator`` is visible.</doc>
<status status="PASS" start="2025-02-26T14:54:44.780276" elapsed="0.018041"/>
</kw>
<kw name="Click Element" owner="SeleniumLibrary">
<msg time="2025-02-26T14:54:44.798668" level="INFO">Clicking element 'xpath=//*[@id="cnk-header"]/div[1]/div[1]/div/div[2]/button[3]'.</msg>
<arg>${ELEMENT}</arg>
<doc>Click the element identified by ``locator``.</doc>
<status status="PASS" start="2025-02-26T14:54:44.798482" elapsed="0.118089"/>
</kw>
<arg>${Perfil}</arg>
<status status="PASS" start="2025-02-26T14:54:44.779923" elapsed="0.136788"/>
</kw>
<arg>${Perfil}</arg>
<status status="PASS" start="2025-02-26T14:54:34.681381" elapsed="10.235383"/>
</kw>
<kw name="Iniciar login com usuário e senha válidos" owner="CommonsKeywords">
<kw name="Inserir texto" owner="CommonsKeywords">
<kw name="Wait Until Element Is Visible" owner="SeleniumLibrary">
<arg>${FIELD}</arg>
<arg>error=Elemento ${FIELD} não foi encontrado durante a execução do caso de teste: ${TEST_NAME}</arg>
<doc>Waits until the element ``locator`` is visible.</doc>
<status status="PASS" start="2025-02-26T14:54:44.917444" elapsed="0.022737"/>
</kw>
<kw name="Input Text" owner="SeleniumLibrary">
<msg time="2025-02-26T14:54:44.940713" level="INFO">Typing text 'mirian.inacio+3@mblabs.com.br' into text field 'xpath=//*[@id="email"]'.</msg>
<arg>${FIELD}</arg>
<arg>${Text}</arg>
<doc>Types the given ``text`` into the text field identified by ``locator``.</doc>
<status status="PASS" start="2025-02-26T14:54:44.940374" elapsed="0.207028"/>
</kw>
<arg>${Input_Usuario}</arg>
<arg>mirian.inacio+3@mblabs.com.br</arg>
<status status="PASS" start="2025-02-26T14:54:44.917212" elapsed="0.230359"/>
</kw>
<kw name="Inserir texto" owner="CommonsKeywords">
<kw name="Wait Until Element Is Visible" owner="SeleniumLibrary">
<arg>${FIELD}</arg>
<arg>error=Elemento ${FIELD} não foi encontrado durante a execução do caso de teste: ${TEST_NAME}</arg>
<doc>Waits until the element ``locator`` is visible.</doc>
<status status="PASS" start="2025-02-26T14:54:45.148255" elapsed="0.019498"/>
</kw>
<kw name="Input Text" owner="SeleniumLibrary">
<msg time="2025-02-26T14:54:45.168473" level="INFO">Typing text 'Cinemark123456!' into text field 'xpath=//*[@id="password"]'.</msg>
<arg>${FIELD}</arg>
<arg>${Text}</arg>
<doc>Types the given ``text`` into the text field identified by ``locator``.</doc>
<status status="PASS" start="2025-02-26T14:54:45.167943" elapsed="0.117374"/>
</kw>
<arg>${Input_Senha}</arg>
<arg>Cinemark123456!</arg>
<status status="PASS" start="2025-02-26T14:54:45.147822" elapsed="0.137690"/>
</kw>
<kw name="Clicar no elemento" owner="CommonsKeywords">
<kw name="Wait Until Element Is Visible" owner="SeleniumLibrary">
<arg>${ELEMENT}</arg>
<arg>timeout=10</arg>
<arg>error=Elemento ${ELEMENT} não foi encontrado durante a execução do caso de teste: ${TEST_NAME}</arg>
<doc>Waits until the element ``locator`` is visible.</doc>
<status status="PASS" start="2025-02-26T14:54:45.286296" elapsed="0.014484"/>
</kw>
<kw name="Click Element" owner="SeleniumLibrary">
<msg time="2025-02-26T14:54:45.301176" level="INFO">Clicking element 'xpath=/html/body/div[4]/div[3]/div[2]/form/div[2]/button[1]'.</msg>
<arg>${ELEMENT}</arg>
<doc>Click the element identified by ``locator``.</doc>
<status status="PASS" start="2025-02-26T14:54:45.300969" elapsed="0.096394"/>
</kw>
<arg>${Botao_Iniciar_Session}</arg>
<status status="PASS" start="2025-02-26T14:54:45.285781" elapsed="0.111694"/>
</kw>
<status status="PASS" start="2025-02-26T14:54:44.916968" elapsed="0.480559"/>
</kw>
<kw name="Clicar no elemento" owner="CommonsKeywords">
<kw name="Wait Until Element Is Visible" owner="SeleniumLibrary">
<arg>${ELEMENT}</arg>
<arg>timeout=10</arg>
<arg>error=Elemento ${ELEMENT} não foi encontrado durante a execução do caso de teste: ${TEST_NAME}</arg>
<doc>Waits until the element ``locator`` is visible.</doc>
<status status="PASS" start="2025-02-26T14:54:45.397968" elapsed="2.219450"/>
</kw>
<kw name="Click Element" owner="SeleniumLibrary">
<msg time="2025-02-26T14:54:47.617912" level="INFO">Clicking element 'xpath=/html/body/div[4]/div[3]/div/div/button'.</msg>
<arg>${ELEMENT}</arg>
<doc>Click the element identified by ``locator``.</doc>
<status status="PASS" start="2025-02-26T14:54:47.617605" elapsed="0.086668"/>
</kw>
<arg>${Botao_Fechar_Login}</arg>
<status status="PASS" start="2025-02-26T14:54:45.397688" elapsed="2.306748"/>
</kw>
<status status="PASS" start="2025-02-26T14:54:34.681113" elapsed="13.023401"/>
</kw>
<kw name="E acessar o perfil para fazer alteração de cadastro" owner="F04_AlteraCadUsuarioResources">
<kw name="Clicar no elemento" owner="CommonsKeywords">
<kw name="Wait Until Element Is Visible" owner="SeleniumLibrary">
<arg>${ELEMENT}</arg>
<arg>timeout=10</arg>
<arg>error=Elemento ${ELEMENT} não foi encontrado durante a execução do caso de teste: ${TEST_NAME}</arg>
<doc>Waits until the element ``locator`` is visible.</doc>
<status status="PASS" start="2025-02-26T14:54:47.705417" elapsed="0.020881"/>
</kw>
<kw name="Click Element" owner="SeleniumLibrary">
<msg time="2025-02-26T14:54:47.726955" level="INFO">Clicking element 'xpath=//*[@id="cnk-header"]/div[1]/div[1]/div/div[2]/button[3]/div/div/img'.</msg>
<arg>${ELEMENT}</arg>
<doc>Click the element identified by ``locator``.</doc>
<status status="PASS" start="2025-02-26T14:54:47.726594" elapsed="0.301010"/>
</kw>
<arg>${Perfil_Cadastrado}</arg>
<status status="PASS" start="2025-02-26T14:54:47.705215" elapsed="0.322519"/>
</kw>
<kw name="Clicar no elemento" owner="CommonsKeywords">
<kw name="Wait Until Element Is Visible" owner="SeleniumLibrary">
<msg time="2025-02-26T14:54:58.247688" level="INFO" html="true">&lt;/td&gt;&lt;/tr&gt;&lt;tr&gt;&lt;td colspan="3"&gt;&lt;a href="selenium-screenshot-1.png"&gt;&lt;img src="selenium-screenshot-1.png" width="800px"&gt;&lt;/a&gt;</msg>
<msg time="2025-02-26T14:54:58.247943" level="FAIL">Elemento xpath=/html/body/div[4]/div[3]/div[2]/div/div[5]/div/div[3]/button não foi encontrado durante a execução do caso de teste: CT01: Efetuar alteração no cadastro do usuário</msg>
<arg>${ELEMENT}</arg>
<arg>timeout=10</arg>
<arg>error=Elemento ${ELEMENT} não foi encontrado durante a execução do caso de teste: ${TEST_NAME}</arg>
<doc>Waits until the element ``locator`` is visible.</doc>
<status status="FAIL" start="2025-02-26T14:54:48.028108" elapsed="10.242240">Elemento xpath=/html/body/div[4]/div[3]/div[2]/div/div[5]/div/div[3]/button não foi encontrado durante a execução do caso de teste: CT01: Efetuar alteração no cadastro do usuário</status>
</kw>
<kw name="Click Element" owner="SeleniumLibrary">
<arg>${ELEMENT}</arg>
<doc>Click the element identified by ``locator``.</doc>
<status status="NOT RUN" start="2025-02-26T14:54:58.270591" elapsed="0.000044"/>
</kw>
<arg>${Botao_Cuenta}</arg>
<status status="FAIL" start="2025-02-26T14:54:48.027880" elapsed="10.242903">Elemento xpath=/html/body/div[4]/div[3]/div[2]/div/div[5]/div/div[3]/button não foi encontrado durante a execução do caso de teste: CT01: Efetuar alteração no cadastro do usuário</status>
</kw>
<kw name="Inserir texto" owner="CommonsKeywords">
<arg>${Input_Apelido}</arg>
<arg>Mii</arg>
<status status="NOT RUN" start="2025-02-26T14:54:58.270964" elapsed="0.000033"/>
</kw>
<status status="FAIL" start="2025-02-26T14:54:47.704958" elapsed="10.566132">Elemento xpath=/html/body/div[4]/div[3]/div[2]/div/div[5]/div/div[3]/button não foi encontrado durante a execução do caso de teste: CT01: Efetuar alteração no cadastro do usuário</status>
</kw>
<doc>Card-XXX</doc>
<tag>F04CT01_AlteraCadUsuário</tag>
<status status="FAIL" start="2025-02-26T14:54:29.526108" elapsed="28.745541">Elemento xpath=/html/body/div[4]/div[3]/div[2]/div/div[5]/div/div[3]/button não foi encontrado durante a execução do caso de teste: CT01: Efetuar alteração no cadastro do usuário</status>
</test>
<doc>Suíte de testes de Validação do login do Perfil do Usuário</doc>
<status status="FAIL" start="2025-02-26T14:54:29.515843" elapsed="28.756904"/>
</suite>
<status status="FAIL" start="2025-02-26T14:53:33.258190" elapsed="85.016110"/>
</suite>
<statistics>
<total>
<stat pass="4" fail="1" skip="0">All Tests</stat>
</total>
<tag>
<stat pass="1" fail="0" skip="0">F01CT01_Login</stat>
<stat pass="1" fail="0" skip="0">F02CT01_CreateAccount</stat>
<stat pass="1" fail="0" skip="0">F03CT01_RecuperaSenha</stat>
<stat pass="1" fail="0" skip="0">F03CT02_CadastraSenha</stat>
<stat pass="0" fail="1" skip="0">F04CT01_AlteraCadUsuário</stat>
</tag>
<suite>
<stat name="TestCases" id="s1" pass="4" fail="1" skip="0">TestCases</stat>
<stat name="F01 LoginTest" id="s1-s1" pass="1" fail="0" skip="0">TestCases.F01 LoginTest</stat>
<stat name="F02 CreateAccountTest" id="s1-s2" pass="1" fail="0" skip="0">TestCases.F02 CreateAccountTest</stat>
<stat name="F03 RecuperacaoSenha" id="s1-s3" pass="2" fail="0" skip="0">TestCases.F03 RecuperacaoSenha</stat>
<stat name="F04 AlteraCadUsuario" id="s1-s4" pass="0" fail="1" skip="0">TestCases.F04 AlteraCadUsuario</stat>
</suite>
</statistics>
<errors>
</errors>
</robot>
